# JRE version: OpenJDK Runtime Environment Temurin-17.0.10+7 (17.0.10+7) (build 17.0.10+7)
# Java VM: OpenJDK 64-Bit Server VM Temurin-17.0.10+7 (17.0.10+7, mixed mode, tiered, compressed oops, compressed class ptrs, parallel gc, windows-amd64)
GC Precious Log:
 CPUs: 8 total, 8 available
 Memory: 12139M
 Large Page Support: Disabled
 NUMA Support: Disabled
 Compressed Oops: Enabled (32-bit)
 Alignments: Space 512K, Generation 512K, Heap 2M
 Heap Min Capacity: 100M
 Heap Initial Capacity: 100M
 Heap Max Capacity: 1G
 Pre-touch: Disabled
 Parallel Workers: 8
Heap:
 PSYoungGen      total 10240K, used 6435K [0x00000000eab00000, 0x00000000ebe00000, 0x0000000100000000)
  eden space 9728K, 61% used [0x00000000eab00000,0x00000000eb0ccc68,0x00000000eb480000)
  from space 512K, 96% used [0x00000000eb900000,0x00000000eb97c010,0x00000000eb980000)
  to   space 4608K, 0% used [0x00000000eb480000,0x00000000eb480000,0x00000000eb900000)
 ParOldGen       total 307200K, used 302952K [0x00000000c0000000, 0x00000000d2c00000, 0x00000000eab00000)
  object space 307200K, 98% used [0x00000000c0000000,0x00000000d27da3c8,0x00000000d2c00000)
 Metaspace       used 69605K, committed 70720K, reserved 1114112K
  class space    used 8033K, committed 8576K, reserved 1048576K
GC Heap History (20 events):
Event: 120.062 GC heap before
{Heap before GC invocations=306 (full 13):
 PSYoungGen      total 14848K, used 14443K [0x00000000eab00000, 0x00000000ebf80000, 0x0000000100000000)
  eden space 10240K, 100% used [0x00000000eab00000,0x00000000eb500000,0x00000000eb500000)
  from space 4608K, 91% used [0x00000000ebb00000,0x00000000ebf1ac68,0x00000000ebf80000)
  to   space 5120K, 0% used [0x00000000eb580000,0x00000000eb580000,0x00000000eba80000)
 ParOldGen       total 307200K, used 292278K [0x00000000c0000000, 0x00000000d2c00000, 0x00000000eab00000)
  object space 307200K, 95% used [0x00000000c0000000,0x00000000d1d6d920,0x00000000d2c00000)
 Metaspace       used 62867K, committed 64000K, reserved 1114112K
  class space    used 7029K, committed 7552K, reserved 1048576K
}
Event: 120.068 GC heap after
{Heap after GC invocations=306 (full 13):
 PSYoungGen      total 15360K, used 5111K [0x00000000eab00000, 0x00000000ec200000, 0x0000000100000000)
  eden space 10240K, 0% used [0x00000000eab00000,0x00000000eab00000,0x00000000eb500000)
  from space 5120K, 99% used [0x00000000eb580000,0x00000000eba7dda0,0x00000000eba80000)
  to   space 6656K, 0% used [0x00000000ebb80000,0x00000000ebb80000,0x00000000ec200000)
 ParOldGen       total 307200K, used 293443K [0x00000000c0000000, 0x00000000d2c00000, 0x00000000eab00000)
  object space 307200K, 95% used [0x00000000c0000000,0x00000000d1e90f00,0x00000000d2c00000)
 Metaspace       used 62867K, committed 64000K, reserved 1114112K
  class space    used 7029K, committed 7552K, reserved 1048576K
}
Event: 121.025 GC heap before
{Heap before GC invocations=307 (full 13):
 PSYoungGen      total 15360K, used 15351K [0x00000000eab00000, 0x00000000ec200000, 0x0000000100000000)
  eden space 10240K, 100% used [0x00000000eab00000,0x00000000eb500000,0x00000000eb500000)
  from space 5120K, 99% used [0x00000000eb580000,0x00000000eba7dda0,0x00000000eba80000)
  to   space 6656K, 0% used [0x00000000ebb80000,0x00000000ebb80000,0x00000000ec200000)
 ParOldGen       total 307200K, used 293443K [0x00000000c0000000, 0x00000000d2c00000, 0x00000000eab00000)
  object space 307200K, 95% used [0x00000000c0000000,0x00000000d1e90f00,0x00000000d2c00000)
 Metaspace       used 63673K, committed 64768K, reserved 1114112K
  class space    used 7190K, committed 7680K, reserved 1048576K
}
Event: 121.029 GC heap after
{Heap after GC invocations=307 (full 13):
 PSYoungGen      total 14336K, used 3978K [0x00000000eab00000, 0x00000000ebf80000, 0x0000000100000000)
  eden space 10240K, 0% used [0x00000000eab00000,0x00000000eab00000,0x00000000eb500000)
  from space 4096K, 97% used [0x00000000ebb80000,0x00000000ebf62958,0x00000000ebf80000)
  to   space 5120K, 0% used [0x00000000eb580000,0x00000000eb580000,0x00000000eba80000)
 ParOldGen       total 307200K, used 295185K [0x00000000c0000000, 0x00000000d2c00000, 0x00000000eab00000)
  object space 307200K, 96% used [0x00000000c0000000,0x00000000d20446e0,0x00000000d2c00000)
 Metaspace       used 63673K, committed 64768K, reserved 1114112K
  class space    used 7190K, committed 7680K, reserved 1048576K
}
Event: 121.827 GC heap before
{Heap before GC invocations=308 (full 13):
 PSYoungGen      total 14336K, used 14218K [0x00000000eab00000, 0x00000000ebf80000, 0x0000000100000000)
  eden space 10240K, 100% used [0x00000000eab00000,0x00000000eb500000,0x00000000eb500000)
  from space 4096K, 97% used [0x00000000ebb80000,0x00000000ebf62958,0x00000000ebf80000)
  to   space 5120K, 0% used [0x00000000eb580000,0x00000000eb580000,0x00000000eba80000)
 ParOldGen       total 307200K, used 295185K [0x00000000c0000000, 0x00000000d2c00000, 0x00000000eab00000)
  object space 307200K, 96% used [0x00000000c0000000,0x00000000d20446e0,0x00000000d2c00000)
 Metaspace       used 64967K, committed 66048K, reserved 1114112K
  class space    used 7387K, committed 7872K, reserved 1048576K
}
Event: 121.831 GC heap after
{Heap after GC invocations=308 (full 13):
 PSYoungGen      total 14848K, used 4156K [0x00000000eab00000, 0x00000000ebe00000, 0x0000000100000000)
  eden space 10240K, 0% used [0x00000000eab00000,0x00000000eab00000,0x00000000eb500000)
  from space 4608K, 90% used [0x00000000eb580000,0x00000000eb98f148,0x00000000eba00000)
  to   space 4096K, 0% used [0x00000000eba00000,0x00000000eba00000,0x00000000ebe00000)
 ParOldGen       total 307200K, used 295193K [0x00000000c0000000, 0x00000000d2c00000, 0x00000000eab00000)
  object space 307200K, 96% used [0x00000000c0000000,0x00000000d20466e0,0x00000000d2c00000)
 Metaspace       used 64967K, committed 66048K, reserved 1114112K
  class space    used 7387K, committed 7872K, reserved 1048576K
}
Event: 122.278 GC heap before
{Heap before GC invocations=309 (full 13):
 PSYoungGen      total 14848K, used 14396K [0x00000000eab00000, 0x00000000ebe00000, 0x0000000100000000)
  eden space 10240K, 100% used [0x00000000eab00000,0x00000000eb500000,0x00000000eb500000)
  from space 4608K, 90% used [0x00000000eb580000,0x00000000eb98f148,0x00000000eba00000)
  to   space 4096K, 0% used [0x00000000eba00000,0x00000000eba00000,0x00000000ebe00000)
 ParOldGen       total 307200K, used 295193K [0x00000000c0000000, 0x00000000d2c00000, 0x00000000eab00000)
  object space 307200K, 96% used [0x00000000c0000000,0x00000000d20466e0,0x00000000d2c00000)
 Metaspace       used 65910K, committed 66944K, reserved 1114112K
  class space    used 7564K, committed 8064K, reserved 1048576K
}
Event: 122.281 GC heap after
{Heap after GC invocations=309 (full 13):
 PSYoungGen      total 14336K, used 4076K [0x00000000eab00000, 0x00000000ebe00000, 0x0000000100000000)
  eden space 10240K, 0% used [0x00000000eab00000,0x00000000eab00000,0x00000000eb500000)
  from space 4096K, 99% used [0x00000000eba00000,0x00000000ebdfb360,0x00000000ebe00000)
  to   space 4608K, 0% used [0x00000000eb500000,0x00000000eb500000,0x00000000eb980000)
 ParOldGen       total 307200K, used 295403K [0x00000000c0000000, 0x00000000d2c00000, 0x00000000eab00000)
  object space 307200K, 96% used [0x00000000c0000000,0x00000000d207ac78,0x00000000d2c00000)
 Metaspace       used 65910K, committed 66944K, reserved 1114112K
  class space    used 7564K, committed 8064K, reserved 1048576K
}
Event: 123.454 GC heap before
{Heap before GC invocations=310 (full 13):
 PSYoungGen      total 14336K, used 14316K [0x00000000eab00000, 0x00000000ebe00000, 0x0000000100000000)
  eden space 10240K, 100% used [0x00000000eab00000,0x00000000eb500000,0x00000000eb500000)
  from space 4096K, 99% used [0x00000000eba00000,0x00000000ebdfb360,0x00000000ebe00000)
  to   space 4608K, 0% used [0x00000000eb500000,0x00000000eb500000,0x00000000eb980000)
 ParOldGen       total 307200K, used 295403K [0x00000000c0000000, 0x00000000d2c00000, 0x00000000eab00000)
  object space 307200K, 96% used [0x00000000c0000000,0x00000000d207ac78,0x00000000d2c00000)
 Metaspace       used 66998K, committed 68032K, reserved 1114112K
  class space    used 7696K, committed 8192K, reserved 1048576K
}
Event: 123.460 GC heap after
{Heap after GC invocations=310 (full 13):
 PSYoungGen      total 14848K, used 4585K [0x00000000eab00000, 0x00000000ec000000, 0x0000000100000000)
  eden space 10240K, 0% used [0x00000000eab00000,0x00000000eab00000,0x00000000eb500000)
  from space 4608K, 99% used [0x00000000eb500000,0x00000000eb97a448,0x00000000eb980000)
  to   space 5632K, 0% used [0x00000000eba80000,0x00000000eba80000,0x00000000ec000000)
 ParOldGen       total 307200K, used 296133K [0x00000000c0000000, 0x00000000d2c00000, 0x00000000eab00000)
  object space 307200K, 96% used [0x00000000c0000000,0x00000000d2131638,0x00000000d2c00000)
 Metaspace       used 66998K, committed 68032K, reserved 1114112K
  class space    used 7696K, committed 8192K, reserved 1048576K
}
Event: 125.849 GC heap before
{Heap before GC invocations=311 (full 13):
 PSYoungGen      total 14848K, used 14825K [0x00000000eab00000, 0x00000000ec000000, 0x0000000100000000)
  eden space 10240K, 100% used [0x00000000eab00000,0x00000000eb500000,0x00000000eb500000)
  from space 4608K, 99% used [0x00000000eb500000,0x00000000eb97a448,0x00000000eb980000)
  to   space 5632K, 0% used [0x00000000eba80000,0x00000000eba80000,0x00000000ec000000)
 ParOldGen       total 307200K, used 296133K [0x00000000c0000000, 0x00000000d2c00000, 0x00000000eab00000)
  object space 307200K, 96% used [0x00000000c0000000,0x00000000d2131638,0x00000000d2c00000)
 Metaspace       used 67746K, committed 68800K, reserved 1114112K
  class space    used 7812K, committed 8320K, reserved 1048576K
}
Event: 125.852 GC heap after
{Heap after GC invocations=311 (full 13):
 PSYoungGen      total 11776K, used 1472K [0x00000000eab00000, 0x00000000ebc00000, 0x0000000100000000)
  eden space 10240K, 0% used [0x00000000eab00000,0x00000000eab00000,0x00000000eb500000)
  from space 1536K, 95% used [0x00000000eba80000,0x00000000ebbf0040,0x00000000ebc00000)
  to   space 3072K, 0% used [0x00000000eb600000,0x00000000eb600000,0x00000000eb900000)
 ParOldGen       total 307200K, used 299326K [0x00000000c0000000, 0x00000000d2c00000, 0x00000000eab00000)
  object space 307200K, 97% used [0x00000000c0000000,0x00000000d244fab0,0x00000000d2c00000)
 Metaspace       used 67746K, committed 68800K, reserved 1114112K
  class space    used 7812K, committed 8320K, reserved 1048576K
}
Event: 159.732 GC heap before
{Heap before GC invocations=312 (full 13):
 PSYoungGen      total 11776K, used 11712K [0x00000000eab00000, 0x00000000ebc00000, 0x0000000100000000)
  eden space 10240K, 100% used [0x00000000eab00000,0x00000000eb500000,0x00000000eb500000)
  from space 1536K, 95% used [0x00000000eba80000,0x00000000ebbf0040,0x00000000ebc00000)
  to   space 3072K, 0% used [0x00000000eb600000,0x00000000eb600000,0x00000000eb900000)
 ParOldGen       total 307200K, used 299326K [0x00000000c0000000, 0x00000000d2c00000, 0x00000000eab00000)
  object space 307200K, 97% used [0x00000000c0000000,0x00000000d244fab0,0x00000000d2c00000)
 Metaspace       used 68638K, committed 69696K, reserved 1114112K
  class space    used 7914K, committed 8384K, reserved 1048576K
}
Event: 159.736 GC heap after
{Heap after GC invocations=312 (full 13):
 PSYoungGen      total 13312K, used 1504K [0x00000000eab00000, 0x00000000ebb00000, 0x0000000100000000)
  eden space 10240K, 0% used [0x00000000eab00000,0x00000000eab00000,0x00000000eb500000)
  from space 3072K, 48% used [0x00000000eb600000,0x00000000eb778020,0x00000000eb900000)
  to   space 2048K, 0% used [0x00000000eb900000,0x00000000eb900000,0x00000000ebb00000)
 ParOldGen       total 307200K, used 299334K [0x00000000c0000000, 0x00000000d2c00000, 0x00000000eab00000)
  object space 307200K, 97% used [0x00000000c0000000,0x00000000d2451ab0,0x00000000d2c00000)
 Metaspace       used 68638K, committed 69696K, reserved 1114112K
  class space    used 7914K, committed 8384K, reserved 1048576K
}
Event: 181.243 GC heap before
{Heap before GC invocations=313 (full 13):
 PSYoungGen      total 13312K, used 11744K [0x00000000eab00000, 0x00000000ebb00000, 0x0000000100000000)
  eden space 10240K, 100% used [0x00000000eab00000,0x00000000eb500000,0x00000000eb500000)
  from space 3072K, 48% used [0x00000000eb600000,0x00000000eb778020,0x00000000eb900000)
  to   space 2048K, 0% used [0x00000000eb900000,0x00000000eb900000,0x00000000ebb00000)
 ParOldGen       total 307200K, used 299334K [0x00000000c0000000, 0x00000000d2c00000, 0x00000000eab00000)
  object space 307200K, 97% used [0x00000000c0000000,0x00000000d2451ab0,0x00000000d2c00000)
 Metaspace       used 68859K, committed 69952K, reserved 1114112K
  class space    used 7934K, committed 8448K, reserved 1048576K
}
Event: 181.247 GC heap after
{Heap after GC invocations=313 (full 13):
 PSYoungGen      total 12288K, used 1568K [0x00000000eab00000, 0x00000000ebb00000, 0x0000000100000000)
  eden space 10240K, 0% used [0x00000000eab00000,0x00000000eab00000,0x00000000eb500000)
  from space 2048K, 76% used [0x00000000eb900000,0x00000000eba88020,0x00000000ebb00000)
  to   space 2048K, 0% used [0x00000000eb700000,0x00000000eb700000,0x00000000eb900000)
 ParOldGen       total 307200K, used 299342K [0x00000000c0000000, 0x00000000d2c00000, 0x00000000eab00000)
  object space 307200K, 97% used [0x00000000c0000000,0x00000000d2453ab0,0x00000000d2c00000)
 Metaspace       used 68859K, committed 69952K, reserved 1114112K
  class space    used 7934K, committed 8448K, reserved 1048576K
}
Event: 205.035 GC heap before
{Heap before GC invocations=314 (full 13):
 PSYoungGen      total 12288K, used 11773K [0x00000000eab00000, 0x00000000ebb00000, 0x0000000100000000)
  eden space 10240K, 99% used [0x00000000eab00000,0x00000000eb4f7598,0x00000000eb500000)
  from space 2048K, 76% used [0x00000000eb900000,0x00000000eba88020,0x00000000ebb00000)
  to   space 2048K, 0% used [0x00000000eb700000,0x00000000eb700000,0x00000000eb900000)
 ParOldGen       total 307200K, used 299342K [0x00000000c0000000, 0x00000000d2c00000, 0x00000000eab00000)
  object space 307200K, 97% used [0x00000000c0000000,0x00000000d2453ab0,0x00000000d2c00000)
 Metaspace       used 69032K, committed 70144K, reserved 1114112K
  class space    used 7971K, committed 8512K, reserved 1048576K
}
Event: 205.041 GC heap after
{Heap after GC invocations=314 (full 13):
 PSYoungGen      total 12288K, used 1808K [0x00000000eab00000, 0x00000000eb980000, 0x0000000100000000)
  eden space 10240K, 0% used [0x00000000eab00000,0x00000000eab00000,0x00000000eb500000)
  from space 2048K, 88% used [0x00000000eb700000,0x00000000eb8c42f0,0x00000000eb900000)
  to   space 512K, 0% used [0x00000000eb900000,0x00000000eb900000,0x00000000eb980000)
 ParOldGen       total 307200K, used 299350K [0x00000000c0000000, 0x00000000d2c00000, 0x00000000eab00000)
  object space 307200K, 97% used [0x00000000c0000000,0x00000000d2455ab0,0x00000000d2c00000)
 Metaspace       used 69032K, committed 70144K, reserved 1114112K
  class space    used 7971K, committed 8512K, reserved 1048576K
}
Event: 205.937 GC heap before
{Heap before GC invocations=315 (full 13):
 PSYoungGen      total 12288K, used 11777K [0x00000000eab00000, 0x00000000eb980000, 0x0000000100000000)
  eden space 10240K, 97% used [0x00000000eab00000,0x00000000eb4bc368,0x00000000eb500000)
  from space 2048K, 88% used [0x00000000eb700000,0x00000000eb8c42f0,0x00000000eb900000)
  to   space 512K, 0% used [0x00000000eb900000,0x00000000eb900000,0x00000000eb980000)
 ParOldGen       total 307200K, used 299350K [0x00000000c0000000, 0x00000000d2c00000, 0x00000000eab00000)
  object space 307200K, 97% used [0x00000000c0000000,0x00000000d2455ab0,0x00000000d2c00000)
 Metaspace       used 69237K, committed 70336K, reserved 1114112K
  class space    used 8000K, committed 8512K, reserved 1048576K
}
Event: 205.942 GC heap after
{Heap after GC invocations=315 (full 13):
 PSYoungGen      total 10240K, used 496K [0x00000000eab00000, 0x00000000ebe00000, 0x0000000100000000)
  eden space 9728K, 0% used [0x00000000eab00000,0x00000000eab00000,0x00000000eb480000)
  from space 512K, 96% used [0x00000000eb900000,0x00000000eb97c010,0x00000000eb980000)
  to   space 4608K, 0% used [0x00000000eb480000,0x00000000eb480000,0x00000000eb900000)
 ParOldGen       total 307200K, used 302952K [0x00000000c0000000, 0x00000000d2c00000, 0x00000000eab00000)
  object space 307200K, 98% used [0x00000000c0000000,0x00000000d27da3c8,0x00000000d2c00000)
 Metaspace       used 69237K, committed 70336K, reserved 1114112K
  class space    used 8000K, committed 8512K, reserved 1048576K
}

